  Event.cpp
  EventSystem.cpp
  Task.cpp
  TaskManager.cpp
  SmartHomeDevice.cpp
  SmartHomeDeviceFsm.cpp
e:\programs\smarthomedevice\smarthomedevice\smarthomedevicefsm.cpp(12): warning C4065: оператор switch содержит метку "default", но не содержит ни одной метки "case"
e:\programs\smarthomedevice\smarthomedevice\smarthomedevicefsm.cpp(20): warning C4065: оператор switch содержит метку "default", но не содержит ни одной метки "case"
e:\programs\smarthomedevice\smarthomedevice\common_library\statemachine\statemachine.hpp(62): warning C4101: e: неиспользованная локальная переменная
  e:\programs\smarthomedevice\smarthomedevice\common_library\statemachine\statemachine.hpp(47): note: при компиляции функции-члена "<Нет данных>" класса класс <Нет данных>
  e:\programs\smarthomedevice\smarthomedevice\smarthomedevicefsm.cpp(29): note: выполняется компиляция ссылки на экземпляр шаблон функции "void FSM::StateMachine<SmartHomeDevice_n::State,EventSystem_n::EventId,SmartHomeDevice_n::EventData,std::ostream>::execute(const EventType &,const EventDataType &,DebugIODeviceType *)"
          with
          [
              EventType=EventSystem_n::EventId,
              EventDataType=SmartHomeDevice_n::EventData,
              DebugIODeviceType=std::ostream
          ]
  e:\programs\smarthomedevice\smarthomedevice\smarthomedevicefsm.h(25): note: выполняется компиляция ссылки на экземпляр шаблон класс "FSM::StateMachine<SmartHomeDevice_n::State,EventSystem_n::EventId,SmartHomeDevice_n::EventData,std::ostream>"
  Создание кода...
e:\programs\smarthomedevice\smarthomedevice\common_library\taskmanager\taskmanager.cpp(62): warning C4715: TaskManager_n::TaskManager::scheduleTask: значение возвращается не при всех путях выполнения
  SmartHomeDevice.vcxproj -> E:\Programs\SmartHomeDevice\x64\Debug\SmartHomeDevice.exe
